c:\users\zxwlg\onedrive\바탕 화면\2021-1\c++\jhp\codes\ch15\geo\geo\debug\vc142.pdb
c:\users\zxwlg\onedrive\바탕 화면\2021-1\c++\jhp\codes\ch15\geo\geo\debug\vc142.idb
c:\users\zxwlg\onedrive\바탕 화면\2021-1\c++\jhp\codes\ch15\geo\geo\debug\main.obj
c:\users\zxwlg\onedrive\바탕 화면\2021-1\c++\jhp\codes\ch15\geo\geo\debug\geometric.obj
c:\users\zxwlg\onedrive\바탕 화면\2021-1\c++\jhp\codes\ch15\geo\geo\debug\circle.obj
c:\users\zxwlg\onedrive\바탕 화면\2021-1\c++\jhp\codes\ch15\geo\geo\debug\rect.obj
c:\users\zxwlg\onedrive\바탕 화면\2021-1\c++\jhp\codes\ch15\geo_v2\geo\debug\vc142.pdb
c:\users\zxwlg\onedrive\바탕 화면\2021-1\c++\jhp\codes\ch15\geo_v2\geo\debug\vc142.idb
c:\users\zxwlg\onedrive\바탕 화면\2021-1\c++\jhp\codes\ch15\geo_v2\geo\debug\rect.obj
c:\users\zxwlg\onedrive\바탕 화면\2021-1\c++\jhp\codes\ch15\geo_v2\geo\debug\main.obj
c:\users\zxwlg\onedrive\바탕 화면\2021-1\c++\jhp\codes\ch15\geo_v2\geo\debug\geometric.obj
c:\users\zxwlg\onedrive\바탕 화면\2021-1\c++\jhp\codes\ch15\geo_v2\geo\debug\circle.obj
c:\users\zxwlg\onedrive\바탕 화면\2021-1\c++\jhp\codes\ch15\geo\debug\geo.exe
c:\users\zxwlg\onedrive\바탕 화면\2021-1\c++\jhp\codes\ch15\geo\debug\geo.ilk
c:\users\zxwlg\onedrive\바탕 화면\2021-1\c++\jhp\codes\ch15\geo\debug\geo.pdb
c:\users\zxwlg\onedrive\바탕 화면\2021-1\c++\jhp\codes\ch15\geo_v2\debug\geo.exe
c:\users\zxwlg\onedrive\바탕 화면\2021-1\c++\jhp\codes\ch15\geo_v2\debug\geo.ilk
c:\users\zxwlg\onedrive\바탕 화면\2021-1\c++\jhp\codes\ch15\geo_v2\debug\geo.pdb
c:\users\zxwlg\onedrive\바탕 화면\2021-1\c++\jhp\codes\ch15\geo_v2\geo\debug\geo.tlog\cl.command.1.tlog
c:\users\zxwlg\onedrive\바탕 화면\2021-1\c++\jhp\codes\ch15\geo_v2\geo\debug\geo.tlog\cl.read.1.tlog
c:\users\zxwlg\onedrive\바탕 화면\2021-1\c++\jhp\codes\ch15\geo_v2\geo\debug\geo.tlog\cl.write.1.tlog
c:\users\zxwlg\onedrive\바탕 화면\2021-1\c++\jhp\codes\ch15\geo_v2\geo\debug\geo.tlog\link.command.1.tlog
c:\users\zxwlg\onedrive\바탕 화면\2021-1\c++\jhp\codes\ch15\geo_v2\geo\debug\geo.tlog\link.read.1.tlog
c:\users\zxwlg\onedrive\바탕 화면\2021-1\c++\jhp\codes\ch15\geo_v2\geo\debug\geo.tlog\link.write.1.tlog
